0FDE08614EA3CEE4
C11F74A4D5BD9D86
83D6CDB59C9E692F
ECA57A5FC6025CA5
C3D5552B0CD2FF9F
020B8BE6559465D2
42BA98ACABABFC16
9ABD0D1E4AEB3B7F
9E1FFA2F4732D491
59579F7C5B11360A
41979D68591BEFE3
9379E51D54159AF2
497A1C78B49F457F
BC669B5BE719AA71
58BB770120497718
7770A13458B23653
9A0D1C52057D39F0
2D030ABB019BEEB3
BDC3454787C245D4
F81FC1FA289DB5BF
DCCA8E7A526ADE5A
3C5A873009959D1A
F38105856FEE009E
B0C347DD21D5C4AC
810E426BB90689EA
B9B5280F9F958B84
94D4FD511E76089E
68F10EF5134294AF
7DF57D6C7DCA819D
8AED28A626D6E601
CD3E363C7506BCCF
5163204B3833AB86
112C5DD49D1735D2
