0FDE08614EA3CEE4
C11F74A4D5BD9D86
83D6CDB59C9E692F
ECA57A5FC6025CA5
C3D5552B0CD2FF9F
020B8BE6559465D2
42BA98ACABABFC16
9ABD0D1E4AEB3B7F
9E1FFA2F4732D491
59579F7C5B11360A
41979D68591BEFE3
9379E51D54159AF2
497A1C78B49F457F
BC669B5BE719AA71
58BB770120497718
7770A13458B23653
9A0D1C52057D39F0
2D030ABB019BEEB3
BDC3454787C245D4
F81FC1FA289DB5BF
DCCA8E7A526ADE5A
3C5A873009959D1A
F38105856FEE009E
B0C347DD21D5C4AC
810E426BB90689EA
B9B5280F9F958B84
94D4FD511E76089E
68F10EF5134294AF
7DF57D6C7DCA819D
8AED28A626D6E601
CD3E363C7506BCCF
5163204B3833AB86
112C5DD49D1735D2
C427C33ED0EE88BB
01B34F4621544254
F5AE9E5019E24364
BDE45E9F56022CF9
CA84FF787FD35A76
A0A20AAE667E3A51
37BFFF9AEE9C22F7
447E8380CFCDD031
433F6798E430539E
EE18AD35A7841F18
D573A302039C6449
4ECFB41B68B6BEFC
3DA5FF0D65720FEF
70D719B59C770FDE
7585558586F79774
191758FD3E179340
A9DE1A7BF236D960
0F3A3E3219466A68
45BA432C5A6CEA71
1E73B955AE64284D
0D4F3646DCA51A2F
FB629EBEA59776C5
25B39D615E401520
5D2962CFBC782329
E574464DF46EC1FB
A851C09856171917
9A3CAFE490C61D20
4A54EE50FDC3521E
A71B932DB86D05B6
3E1C8926E05E1957
37AA0F3A82B215B4
331B5A8A0B156DDC
BAF0FBE85648D804
C5AF67FD8AA4E4EC
1CAC46D50550BDE5
0C6474A56BC2B447
C72D9622CCA18C86
085C0640C7BF6BAF
D46FD45EA6C39CEA
6B35AD53E8688A7C
C236AEFB23F686B5
E57A38D4E8E04AF7
DE8B790BE9085E5F
516DF1574F5B1C39
11EFE487EE30A544
E886EC3E0BFC5983
10F662682D020EBA
012308794A5FDE4B
7E129102BC069537
FED44D23B48A5B6E
E965172C35226532
8A7F05192B2FD7C6
3729D8A7A900AFBB
70802E6AB56C00CD
0EA36E3128356A83
0A0B0482C3BC425F
D4A91F9D0AC58961
4EC0517ECDFEBCB8
04429DEE4BCC90BA
2851EFBD05FB29F8
38EF4E3A4B4C60B0
DE21A0E2B2A032BF
57EB27EBB218922B
F03C3A0ED616D1B1
292972ED15FCD05B
BE26843253F9418B
EB8416DFFFBE7F60
7E4467BE860D52B0
F3BEFB81DF60D432
D7568C17D39FA42C
FF0BB6FDF9CE1503
59FBBD9383CCB5E2
40BB1348F97A96F2
F25664EF24977504
DDA82A28253F0A24
C6B8E1D4BD2921A6
301AA6251B772C31
7D509E3D9FB5BDBD
A6664B41620CB4A6
CE553D060708AF9E
83CEF2302E5468CC
E3217B33456A9F25
2B85F8F8D68B5733
51BDFC2EC1BA941D
0CB48C82BB6B2C4A
9D4E7E4FA2CAA5D7
A4271D6B7AFC8877
FB8DD5A83170C552
7343F0B5E63E93CF
C8C49879C354FE7E
06F5BB25FA870681
DC1B0EC8C5CB1381
8C19EED3EA3A2480
5387377062D9EC57
028DF62C0EEC5458
6555B5988E52EBEB
6B7A70033EAE1AE9
49AE2D4AD7820191
5AE8062944CC30B4
4DA3B200742F2A34
F67E8703D93CD9D8
1DB0E5A1FDDB4544
7B63BA75BD827757
2A4552E575C5130D
6032ECCB87A20BF8
7AE84D0ED4364169
D83A18794BA0B2AE
3030C73E22E28A49
853696B311202FDA
6930B34583D8BF35
A7E1A88D998441FB
DA59B0BF067C2443
D3E1A840CB9C7C10
666122E81B3A424F
FBF473CFA4F2B4C3
4BB852E10BBDAE73
86B3716A64E02E22
4EEABC2C2FA6A013
8AD9334D5564B8B7
5E921A9C9C1665C4
CD5616668FF13F4F
64CF8F71B42301FD
1324258351A7D72F
6FFD97BFE8A3BE9D
0330EC14367CCC0C
2E985C3346152A17
23CE30F30DF2ED03
7B66745A07A15A4B
E6FE8EC56706E6E7
0CCC667E9499093A
CF9C99DD5C11FBD2
4A0E472C931DA6CA
812962D80E8E9FA2
DCF5A91EC11453F6
5B64541BB0A5604F
73EB07A7E2204D70
714C36E78A7D82AA
ED0893F49D6E99F4
F17C180F024A756A
DB79F607AE2C706A
CFEA97C3A95C6779
1C21E16FD88BFF3F
53D6A5A7DD2967CD
B4B678107483F657
3C0AAE407AA4EB29
AC7D6754E006F8E8
FC5C8CEB2D92B127
024EF36AC2895152
3636B50BC85218FF
23D55EDB9A5F93BA
8BD1F13D46029B45
8380C56659AE8455
1963856DCB3C6EFB
BA0A550DD82078C2
71B7037986876C38
5A6FEB25B8586C0B
314DB32DE87CA8BA
FCC76D4BC1D83741
EE401E1E27B705D7
DA2A3304D5D0AE07
962D6D0C1C6D6570
0EFD197F2246EB22
C6D9F923D6C88A7C
45C6A6F4C4A4D3CB
8D8C1CB5E13146BE
E0A6B3053F37DD6E
FFC83BD7D514F75E
F5F7C39F72A063FB
87D62AA95364FDDD
FC0E07A634E319FC
39EB18BB03648713
54DEB782A9C89EA4
BBD9A965D4CF6103
A4279AD226F14FB8
420D0121DC562603
9A6FFCE84FF5F10D
A6137CB2E8EF6591
361B91547FF18EC0
4FF3D18385D8D884
3B27CF9B4337FCBC
2E5C7950529CE921
8B153153035A0DD4
D93C8FB77BA17C54
A2ACCFBFE08FB08B
2D76449DADD3A11A
D7BE2A65D02941F2
87D7449FD3D4286E
8E36548F872903A8
00CCCC633DCA3619
5FB73117D46BC08B
E28D83D4EB9440F0
8EC27C2B90B42A68
AEF106BD36AC4037
F71CD40C11890CA3
3A192F0A183EA554
22F9D22AC7947141
6826F4E8A6221CE5
D0E7C405363DBFBC
833746D7712F1CF2
992BC6366A2C58E9
6F388F79D84003ED
4993127907C69227
2DAAA41559B5DB8D
D12F2F977F912A69
912FD0BDD19B8BBF
FB97DC1893D63EAD
1EA7825FF9210DFE
C8652916CBFA2B3D
DE36E23A82D6188E
19F4C8D50A418BF9
20F75EDB1F29205E
64A05D0AE459F49C
9D4AA66C18229CD0
A6091BC18F8A7F28
E65910CBA5420368
B4CBDA1F97A37EB4
850784FD3E20816E
DDD8518EDF0F9BA9
A0157635403DF1C1
52BA19C6F2CD2B67
C9CC4EDFA82B1ED4
61D2A5B6B2F3CB7B
7F1C3D0592D2D877
34D9B0960B0242B8
2663ECE6D99EBC0C
662AEA989B23F100
A05BF560B8E5BEFC
0035CD240AD84597
FE8417F94F1D57A6
8B69F7748ED1426F
CDD3A3B452F6C357
14B5F64DA2A4EFCE
B823C353DE5C06FE
EE4DA5DA7AA4ABA4
2898675DF0264DE7
AE25CEA198F55595
63AD556AF114102F
753BB2BE404A3082
1709F47192EB4161
E37919F2341B8275
6CA9CC564C05D42E
5631178BA42DF2C8
5D30AF28F28E1133
0045E36BD667147A
E8C413E86EAE1D12
468322A3DB59858D
BF4D2E28B785CACF
D3C99A887C0E0EF2
D3E9E3837E0AB3FB
CA9D83D8E11D0B72
01E6E619B3E8BF39
F3DCB3D33B39CA0D
683352BEC0EDE855
DE1258C0B7D88560
B85EC97EB11ECFBA
4DC91E7AC10DDBCD
41E0FBD27C817040
5E4CC895A464B45E
CA58A75117F40F3A
8BA3CA7962803130
35416FBDBB6FEB82
ADDE96474C863E86
F5030E58D6BF38EC
090B316EDD55CB70
A302C93282EF0AE9
9E2A3C027196336F
E772EC96CACA44E8
15B066233CF18C1E
8B5D0ED45BF218D1
6B55F3F87E9B5FEC
5D6F0D0DCBD78C6D
3C0E1FE5533D6A25
8175EBE04F9D83AF
3FAB10FD3866E107
