13BF1BE042AC96C7
B2D0F7FEA0539218
C48EE9401C93DBF0
4B1F0CB4247DAE39
9A568BF7EB6278E5
99941F7A878CA756
6E3FE0CA67853FC5
275C63CB28BBEF8B
3356C19F2FF8CAB0
46765F38595C3C49
77FA682804373827
AA8A57677BFF8F2E
93AD181F19E5896A
62BE3249623E9837
7FD1187AEF36420E
810944264522DEDA
7EFB3F50EA69640D
0A95C7A0227F1846
103D3897FC9ABB27
026396081BE543BC
438EADCEA9AEEEFE
0965447C4E630FAE
091C643AB3460D58
6D9045F9514D6515
8CC8CFD378C59AF7
4FF0CA744AEAA511
3ED15D57744B1DBB
0EAE8F283C3DAD08
90C05FD053ACDADC
58899D81722B7F53
