9B780BC6E6758E0B
64D0C9BAA085DB11
0408C663568E60BB
35EE221878B3A7B3
F2A0AE9F66E6F51D
F7324475924E3E1F
45F62BB855CB0184
0928D1B75E5AC3A4
28D0D3F3032919A2
FDB5FCC8AB46C073
C8339EB28EE72BF3
5E2EB0D507D97799
DD1545622B39A6D0
79129F69B6892557
DA511F8C9B43FD9D
24C350763611D86A
BBB0E597AC688134
C155C354D17E6A9B
1349C2F0DAADF8A7
E87E9DDCFFC76079
F2262653EA6A2F3E
018ECA5B65A5B3D8
15BDFBC087FCC13D
7B817BF14935B4C8
3100F5342D8A478E
C478419DFCA876C9
48D2FC572B30AE9E
1149E106A99B00F3
D0B424E7A0748036
B9CDF6AC9E1984A4
D569BC85E84F289F
4F068CA95C3FD22F
E9DBD0B838967D8F
